#
# There is insufficient memory for the Java Runtime Environment to continue.
# Native memory allocation (mmap) failed to map 2147483648 bytes for Failed to commit area from 0x0000000080000000 to 0x0000000100000000 of length 2147483648.
# Possible reasons:
#   The system is out of physical RAM or swap space
#   The process is running with CompressedOops enabled, and the Java Heap may be blocking the growth of the native heap
# Possible solutions:
#   Reduce memory load on the system
#   Increase physical memory or swap space
#   Check if swap backing store is full
#   Decrease Java heap size (-Xmx/-Xms)
#   Decrease number of Java threads
#   Decrease Java thread stack sizes (-Xss)
#   Set larger code cache with -XX:ReservedCodeCacheSize=
# This output file may be truncated or incomplete.
#
#  Out of Memory Error (os_windows.cpp:3406), pid=16696, tid=0x0000000000002b00
#
# JRE version:  (8.0_351-b10) (build )
# Java VM: Java HotSpot(TM) 64-Bit Server VM (25.351-b10 mixed mode windows-amd64 compressed oops)
# Failed to write core dump. Minidumps are not enabled by default on client versions of Windows
#

---------------  T H R E A D  ---------------

Current thread (0x000002c69b916000):  JavaThread "Unknown thread" [_thread_in_vm, id=11008, stack(0x000000cb23200000,0x000000cb23300000)]

Stack: [0x000000cb23200000,0x000000cb23300000]
Native frames: (J=compiled Java code, j=interpreted, Vv=VM code, C=native code)
V  [jvm.dll+0x3300b9]
V  [jvm.dll+0x276632]
V  [jvm.dll+0x2772dd]
V  [jvm.dll+0x26dc85]
V  [jvm.dll+0x29464e]
V  [jvm.dll+0x215e15]
V  [jvm.dll+0x3b1bc7]
V  [jvm.dll+0x3b19a9]
V  [jvm.dll+0x3b329f]
V  [jvm.dll+0x3bcbfc]
V  [jvm.dll+0x3bc61d]
V  [jvm.dll+0x3a186c]
V  [jvm.dll+0x3a2f5c]
V  [jvm.dll+0xfb27e]
V  [jvm.dll+0xfc644]
V  [jvm.dll+0x20aed7]
V  [jvm.dll+0x239a77]
V  [jvm.dll+0x162b46]
C  [java.exe+0x2312]
C  [java.exe+0x15f54]
C  [KERNEL32.DLL+0x17034]
C  [ntdll.dll+0x52651]


---------------  P R O C E S S  ---------------

Java Threads: ( => current thread )

Other Threads:

=>0x000002c69b916000 (exited) JavaThread "Unknown thread" [_thread_in_vm, id=11008, stack(0x000000cb23200000,0x000000cb23300000)]

VM state:not at safepoint (not fully initialized)

VM Mutex/Monitor currently owned by a thread:  ([mutex/lock_event])
[0x000002c69b913b90] Heap_lock - owner thread: 0x000002c69b916000

heap address: 0x0000000080000000, size: 2048 MB, Compressed Oops mode: Non-zero based:0x000000007ffff000
Narrow klass base: 0x0000000000000000, Narrow klass shift: 0

GC Heap History (0 events):
No events

Deoptimization events (0 events):
No events

Classes redefined (0 events):
No events

Internal exceptions (0 events):
No events

Events (0 events):
No events


Dynamic libraries:
0x00007ff76a660000 - 0x00007ff76a6a7000 	D:\ProgramFiles\Java\jdk1.8.0_351\bin\java.exe
0x00007fff8dbf0000 - 0x00007fff8dde5000 	C:\Windows\SYSTEM32\ntdll.dll
0x00007fff8c4c0000 - 0x00007fff8c57e000 	C:\Windows\System32\KERNEL32.DLL
0x00007fff8b690000 - 0x00007fff8b959000 	C:\Windows\System32\KERNELBASE.dll
0x00007fff8da20000 - 0x00007fff8dacc000 	C:\Windows\System32\ADVAPI32.DLL
0x00007fff8ce10000 - 0x00007fff8ceae000 	C:\Windows\System32\msvcrt.dll
0x00007fff8d430000 - 0x00007fff8d4cb000 	C:\Windows\System32\sechost.dll
0x00007fff8ceb0000 - 0x00007fff8cfda000 	C:\Windows\System32\RPCRT4.dll
0x00007fff8d660000 - 0x00007fff8d801000 	C:\Windows\System32\USER32.dll
0x00007fff8b5b0000 - 0x00007fff8b5d2000 	C:\Windows\System32\win32u.dll
0x00007fff8d040000 - 0x00007fff8d06b000 	C:\Windows\System32\GDI32.dll
0x00007fff8b3b0000 - 0x00007fff8b4bb000 	C:\Windows\System32\gdi32full.dll
0x00007fff8b310000 - 0x00007fff8b3ad000 	C:\Windows\System32\msvcp_win.dll
0x00007fff8b960000 - 0x00007fff8ba60000 	C:\Windows\System32\ucrtbase.dll
0x00007fff63f50000 - 0x00007fff641ea000 	C:\Windows\WinSxS\amd64_microsoft.windows.common-controls_6595b64144ccf1df_6.0.19041.1110_none_60b5254171f9507e\COMCTL32.dll
0x00007fff8cd50000 - 0x00007fff8cd80000 	C:\Windows\System32\IMM32.DLL
0x00007fff87030000 - 0x00007fff87045000 	D:\ProgramFiles\Java\jdk1.8.0_351\jre\bin\vcruntime140.dll
0x00007fff5b5c0000 - 0x00007fff5b65b000 	D:\ProgramFiles\Java\jdk1.8.0_351\jre\bin\msvcp140.dll
0x000000005c730000 - 0x000000005cf91000 	D:\ProgramFiles\Java\jdk1.8.0_351\jre\bin\server\jvm.dll
0x00007fff8da10000 - 0x00007fff8da18000 	C:\Windows\System32\PSAPI.DLL
0x00007fff82030000 - 0x00007fff8203a000 	C:\Windows\SYSTEM32\VERSION.dll
0x00007fff64f40000 - 0x00007fff64f49000 	C:\Windows\SYSTEM32\WSOCK32.dll
0x00007fff8cda0000 - 0x00007fff8ce0b000 	C:\Windows\System32\WS2_32.dll
0x00007fff76230000 - 0x00007fff76257000 	C:\Windows\SYSTEM32\WINMM.dll
0x00007fff89be0000 - 0x00007fff89bf2000 	C:\Windows\SYSTEM32\kernel.appcore.dll
0x00007fff85c70000 - 0x00007fff85c80000 	D:\ProgramFiles\Java\jdk1.8.0_351\jre\bin\verify.dll
0x00007fff855c0000 - 0x00007fff855eb000 	D:\ProgramFiles\Java\jdk1.8.0_351\jre\bin\java.dll
0x00007fff7d6f0000 - 0x00007fff7d720000 	D:\ProgramFiles\Java\jdk1.8.0_351\jre\bin\instrument.dll
0x00007fff82260000 - 0x00007fff82278000 	D:\ProgramFiles\Java\jdk1.8.0_351\jre\bin\zip.dll
0x00007fff88e20000 - 0x00007fff89004000 	C:\Windows\SYSTEM32\dbghelp.dll
0x00007fff8b4c0000 - 0x00007fff8b543000 	C:\Windows\System32\bcryptPrimitives.dll

VM Arguments:
jvm_args: -Xms2048m -Xmx2048m -XX:+PrintCommandLineFlags -XX:+UseG1GC -XX:TieredStopAtLevel=1 -Xverify:none -Dspring.output.ansi.enabled=always -Dcom.sun.management.jmxremote -Dspring.jmx.enabled=true -Dspring.liveBeansView.mbeanDomain -Dspring.application.admin.enabled=true -javaagent:D:\ProgramFiles\JetBrains\IntelliJ IDEA 2021.3.3\lib\idea_rt.jar=64124:D:\ProgramFiles\JetBrains\IntelliJ IDEA 2021.3.3\bin -Dfile.encoding=UTF-8 
java_command: com.baizhi.KafkaSpringBootApplication
java_class_path (initial): D:\ProgramFiles\Java\jdk1.8.0_351\jre\lib\charsets.jar;D:\ProgramFiles\Java\jdk1.8.0_351\jre\lib\deploy.jar;D:\ProgramFiles\Java\jdk1.8.0_351\jre\lib\ext\access-bridge-64.jar;D:\ProgramFiles\Java\jdk1.8.0_351\jre\lib\ext\cldrdata.jar;D:\ProgramFiles\Java\jdk1.8.0_351\jre\lib\ext\dnsns.jar;D:\ProgramFiles\Java\jdk1.8.0_351\jre\lib\ext\jaccess.jar;D:\ProgramFiles\Java\jdk1.8.0_351\jre\lib\ext\jfxrt.jar;D:\ProgramFiles\Java\jdk1.8.0_351\jre\lib\ext\localedata.jar;D:\ProgramFiles\Java\jdk1.8.0_351\jre\lib\ext\nashorn.jar;D:\ProgramFiles\Java\jdk1.8.0_351\jre\lib\ext\sunec.jar;D:\ProgramFiles\Java\jdk1.8.0_351\jre\lib\ext\sunjce_provider.jar;D:\ProgramFiles\Java\jdk1.8.0_351\jre\lib\ext\sunmscapi.jar;D:\ProgramFiles\Java\jdk1.8.0_351\jre\lib\ext\sunpkcs11.jar;D:\ProgramFiles\Java\jdk1.8.0_351\jre\lib\ext\zipfs.jar;D:\ProgramFiles\Java\jdk1.8.0_351\jre\lib\javaws.jar;D:\ProgramFiles\Java\jdk1.8.0_351\jre\lib\jce.jar;D:\ProgramFiles\Java\jdk1.8.0_351\jre\lib\jfr.jar;D:\ProgramFiles\Java\jdk1.8.0_351\jre\lib\jfxswt.jar;D:\ProgramFiles\Java\jdk1.8.0_351\jre\lib\jsse.jar;D:\ProgramFiles\Java\jdk1.8.0_351\jre\lib\management-agent.jar;D:\ProgramFiles\Java\jdk1.8.0_351\jre\lib\plugin.jar;D:\ProgramFiles\Java\jdk1.8.0_351\jre\lib\resources.jar;D:\ProgramFiles\Java\jdk1.8.0_351\jre\lib\rt.jar;D:\Workspace\idea\mashibing\mashibing\MQ\kafka_spring\target\classes;D:\repository\maven\org\springframework\boot\spring-boot-starter\2.3.12.RELEASE\spring-boot-starter-2.3.12.RELEASE.jar;D:\repository\maven\org\springframework\boot\spring-boot\2.3.12.RELEASE\spring-boot-2.3.12.RELEASE.jar;D:\repository\maven\org\springframework\boot\spring-boot-autoconfigure\2.3.12.RELEASE\spring-boot-autoconfigure-2.3.12.RELEASE.jar;D:\repository\maven\org\springframework\boot\spring-boot-starter-logging\2.3.12.RELEASE\spring-boot-starter-logging-2.3.12.RELEASE.jar;D:\repository\maven\ch\qos\logback\logback-classic\1.2.3\logback-classic-1.2.3.jar;D:\repository\maven\ch\qos\logba
Launcher Type: SUN_STANDARD

Environment Variables:
JAVA_HOME=D:\ProgramFiles\Java\jdk1.8.0_351
PATH=D:\ProgramFiles\VMware\VMware Workstation\bin\;C:\Program Files (x86)\Common Files\Oracle\Java\javapath;C:\Windows\system32;C:\Windows;C:\Windows\System32\Wbem;C:\Windows\System32\WindowsPowerShell\v1.0\;C:\Windows\System32\OpenSSH\;D:\ProgramFiles\Git\cmd;C:\Users\Administrator\AppData\Local\Microsoft\WindowsApps;C:\Users\Administrator\AppData\Local\Pandoc\
USERNAME=Administrator
OS=Windows_NT
PROCESSOR_IDENTIFIER=Intel64 Family 6 Model 151 Stepping 5, GenuineIntel



---------------  S Y S T E M  ---------------

OS: Windows 10 , 64 bit Build 19041 (10.0.19041.1202)

CPU:total 12 (initial active 12) (6 cores per cpu, 2 threads per core) family 6 model 151 stepping 5, cmov, cx8, fxsr, mmx, sse, sse2, sse3, ssse3, sse4.1, sse4.2, popcnt, avx, avx2, aes, clmul, erms, 3dnowpref, lzcnt, ht, tsc, tscinvbit, bmi1, bmi2, adx

Memory: 4k page, physical 33235692k(17123632k free), swap 59538920k(270368k free)

vm_info: Java HotSpot(TM) 64-Bit Server VM (25.351-b10) for windows-amd64 JRE (1.8.0_351-b10), built on Sep 15 2022 02:58:06 by "java_re" with MS VC++ 15.9 (VS2017)

time: Mon Jul 17 22:33:42 2023
timezone: Intel64 Family 6 Model 151 Stepping 5, GenuineIntel
elapsed time: 0.029072 seconds (0d 0h 0m 0s)

